<?xml version="1.0" encoding="UTF-8"?>
<!-- Generated by org.testng.reporters.JUnitXMLReporter -->
<testsuite ignored="3" hostname="DESKTOP-I8G59SM" failures="0" tests="2" name="System" time="0.052" errors="0" timestamp="2024-02-21T16:55:06 IST">
  <testcase classname="Amzon_TestNG.Group_Testcase" name="TC2" time="0.012"/>
  <testcase classname="Amzon_TestNG.Group_Testcase" name="TC5" time="0.002"/>
  <testcase classname="Amzon_TestNG.Group_Testcase" name="TC3" time="0.0">
    <ignored/>
  </testcase> <!-- TC3 -->
  <testcase classname="Amzon_TestNG.Group_Testcase" name="TC4" time="0.0">
    <ignored/>
  </testcase> <!-- TC4 -->
  <testcase classname="Amzon_TestNG.Group_Testcase" name="TC1" time="0.0">
    <ignored/>
  </testcase> <!-- TC1 -->
</testsuite> <!-- System -->
