<?xml version="1.0" encoding="UTF-8"?>
<!-- Generated by org.testng.reporters.JUnitXMLReporter -->
<testsuite ignored="3" hostname="DESKTOP-I8G59SM" failures="0" tests="2" name="Test" time="0.053" errors="0" timestamp="2024-02-21T16:45:10 IST">
  <testcase classname="Amzon_TestNG.Group_Testcase" name="TC1" time="0.01"/>
  <testcase classname="Amzon_TestNG.Group_Testcase" name="TC3" time="0.002"/>
  <testcase classname="Amzon_TestNG.Group_Testcase" name="TC4" time="0.0">
    <ignored/>
  </testcase> <!-- TC4 -->
  <testcase classname="Amzon_TestNG.Group_Testcase" name="TC5" time="0.0">
    <ignored/>
  </testcase> <!-- TC5 -->
  <testcase classname="Amzon_TestNG.Group_Testcase" name="TC2" time="0.0">
    <ignored/>
  </testcase> <!-- TC2 -->
</testsuite> <!-- Test -->
