<?xml version="1.0" encoding="UTF-8"?>
<!-- Generated by org.testng.reporters.JUnitXMLReporter -->
<testsuite ignored="3" hostname="DESKTOP-I8G59SM" failures="0" tests="2" name="RegressionTesting" time="0.057" errors="0" timestamp="2024-02-21T21:28:09 IST">
  <testcase classname="Amzon_TestNG.Group_Testcase" name="TC1" time="0.011"/>
  <testcase classname="Amzon_TestNG.Group_Testcase" name="TC2" time="0.001"/>
  <testcase classname="Amzon_TestNG.Group_Testcase" name="TC3" time="0.0">
    <ignored/>
  </testcase> <!-- TC3 -->
  <testcase classname="Amzon_TestNG.Group_Testcase" name="TC4" time="0.0">
    <ignored/>
  </testcase> <!-- TC4 -->
  <testcase classname="Amzon_TestNG.Group_Testcase" name="TC5" time="0.0">
    <ignored/>
  </testcase> <!-- TC5 -->
</testsuite> <!-- RegressionTesting -->
