<?xml version="1.0" encoding="UTF-8"?>
<!-- Generated by org.testng.reporters.JUnitXMLReporter -->
<testsuite ignored="0" hostname="DESKTOP-I8G59SM" failures="0" tests="5" name="Smoke Testing" time="0.081" errors="0" timestamp="2024-02-16T18:00:39 IST">
  <testcase classname="project_TestNG.Program5" name="method5" time="0.011"/>
  <testcase classname="project_TestNG.Program3" name="method3" time="0.001"/>
  <testcase classname="project_TestNG.Program4" name="method4" time="0.001"/>
  <testcase classname="project_TestNG.Program1" name="method1" time="0.001"/>
  <testcase classname="project_TestNG.Program2" name="method2" time="0.001"/>
</testsuite> <!-- Smoke Testing -->
